[    68.034] 
X.Org X Server 1.20.11
X Protocol Version 11, Revision 0
[    68.035] Build Operating System: linux Ubuntu
[    68.038] Current Operating System: Linux dd 5.11.0-16-generic #17-Ubuntu SMP Wed Apr 14 20:12:43 UTC 2021 x86_64
[    68.038] Kernel command line: BOOT_IMAGE=/vmlinuz-5.11.0-16-generic root=/dev/mapper/ubuntu--vg-ubuntu--lv ro
[    68.038] Build Date: 13 April 2021  04:15:17PM
[    68.038] xorg-server 2:1.20.11-1ubuntu1 (For technical support please see http://www.ubuntu.com/support) 
[    68.038] Current version of pixman: 0.40.0
[    68.039] 	Before reporting problems, check http://wiki.x.org
	to make sure that you have the latest version.
[    68.039] Markers: (--) probed, (**) from config file, (==) default setting,
	(++) from command line, (!!) notice, (II) informational,
	(WW) warning, (EE) error, (NI) not implemented, (??) unknown.
[    68.040] (==) Log file: "/home/devildev/.local/share/xorg/Xorg.0.log", Time: Wed May  5 22:42:37 2021
[    68.202] (==) Using system config directory "/usr/share/X11/xorg.conf.d"
[    68.258] (==) No Layout section.  Using the first Screen section.
[    68.258] (==) No screen section available. Using defaults.
[    68.258] (**) |-->Screen "Default Screen Section" (0)
[    68.258] (**) |   |-->Monitor "<default monitor>"
[    68.275] (==) No monitor specified for screen "Default Screen Section".
	Using a default monitor configuration.
[    68.275] (==) Automatically adding devices
[    68.275] (==) Automatically enabling devices
[    68.275] (==) Automatically adding GPU devices
[    68.275] (==) Automatically binding GPU devices
[    68.275] (==) Max clients allowed: 256, resource mask: 0x1fffff
[    68.401] (WW) The directory "/usr/share/fonts/X11/cyrillic" does not exist.
[    68.401] 	Entry deleted from font path.
[    68.401] (WW) The directory "/usr/share/fonts/X11/100dpi/" does not exist.
[    68.401] 	Entry deleted from font path.
[    68.401] (WW) The directory "/usr/share/fonts/X11/75dpi/" does not exist.
[    68.401] 	Entry deleted from font path.
[    68.460] (WW) The directory "/usr/share/fonts/X11/100dpi" does not exist.
[    68.460] 	Entry deleted from font path.
[    68.460] (WW) The directory "/usr/share/fonts/X11/75dpi" does not exist.
[    68.460] 	Entry deleted from font path.
[    68.460] (==) FontPath set to:
	/usr/share/fonts/X11/misc,
	/usr/share/fonts/X11/Type1,
	built-ins
[    68.460] (==) ModulePath set to "/usr/lib/xorg/modules"
[    68.460] (II) The server relies on udev to provide the list of input devices.
	If no devices become available, reconfigure udev or disable AutoAddDevices.
[    68.460] (II) Loader magic: 0x55a654d26020
[    68.460] (II) Module ABI versions:
[    68.460] 	X.Org ANSI C Emulation: 0.4
[    68.460] 	X.Org Video Driver: 24.1
[    68.460] 	X.Org XInput driver : 24.1
[    68.460] 	X.Org Server Extension : 10.0
[    68.462] (++) using VT number 1

[    68.466] (II) systemd-logind: took control of session /org/freedesktop/login1/session/_31
[    68.467] (II) xfree86: Adding drm device (/dev/dri/card0)
[    68.469] (II) systemd-logind: got fd for /dev/dri/card0 226:0 fd 13 paused 0
[    68.473] (--) PCI:*(0@0:2:0) 80ee:beef:15ad:0405 rev 0, Mem @ 0xe0000000/134217728, 0xf0000000/2097152, I/O @ 0x0000d010/16, BIOS @ 0x????????/131072
[    68.473] (II) LoadModule: "glx"
[    68.580] (II) Loading /usr/lib/xorg/modules/extensions/libglx.so
[    68.740] (II) Module glx: vendor="X.Org Foundation"
[    68.740] 	compiled for 1.20.11, module version = 1.0.0
[    68.740] 	ABI class: X.Org Server Extension, version 10.0
[    68.740] (==) Matched vboxvideo as autoconfigured driver 0
[    68.740] (==) Matched modesetting as autoconfigured driver 1
[    68.740] (==) Matched fbdev as autoconfigured driver 2
[    68.740] (==) Matched vesa as autoconfigured driver 3
[    68.740] (==) Assigned the driver to the xf86ConfigLayout
[    68.740] (II) LoadModule: "vboxvideo"
[    68.764] (WW) Warning, couldn't open module vboxvideo
[    68.764] (EE) Failed to load module "vboxvideo" (module does not exist, 0)
[    68.764] (II) LoadModule: "modesetting"
[    68.764] (II) Loading /usr/lib/xorg/modules/drivers/modesetting_drv.so
[    68.801] (II) Module modesetting: vendor="X.Org Foundation"
[    68.801] 	compiled for 1.20.11, module version = 1.20.11
[    68.801] 	Module class: X.Org Video Driver
[    68.801] 	ABI class: X.Org Video Driver, version 24.1
[    68.801] (II) LoadModule: "fbdev"
[    68.801] (II) Loading /usr/lib/xorg/modules/drivers/fbdev_drv.so
[    68.812] (II) Module fbdev: vendor="X.Org Foundation"
[    68.812] 	compiled for 1.20.10, module version = 0.5.0
[    68.812] 	Module class: X.Org Video Driver
[    68.812] 	ABI class: X.Org Video Driver, version 24.1
[    68.812] (II) LoadModule: "vesa"
[    68.812] (II) Loading /usr/lib/xorg/modules/drivers/vesa_drv.so
[    68.821] (II) Module vesa: vendor="X.Org Foundation"
[    68.821] 	compiled for 1.20.10, module version = 2.5.0
[    68.827] 	Module class: X.Org Video Driver
[    68.827] 	ABI class: X.Org Video Driver, version 24.1
[    68.827] (==) Matched vboxvideo as autoconfigured driver 0
[    68.827] (==) Matched modesetting as autoconfigured driver 1
[    68.827] (==) Matched fbdev as autoconfigured driver 2
[    68.827] (==) Matched vesa as autoconfigured driver 3
[    68.827] (==) Assigned the driver to the xf86ConfigLayout
[    68.827] (II) LoadModule: "vboxvideo"
[    68.827] (WW) Warning, couldn't open module vboxvideo
[    68.828] (EE) Failed to load module "vboxvideo" (module does not exist, 0)
[    68.828] (II) LoadModule: "modesetting"
[    68.828] (II) Loading /usr/lib/xorg/modules/drivers/modesetting_drv.so
[    68.828] (II) Module modesetting: vendor="X.Org Foundation"
[    68.828] 	compiled for 1.20.11, module version = 1.20.11
[    68.828] 	Module class: X.Org Video Driver
[    68.828] 	ABI class: X.Org Video Driver, version 24.1
[    68.828] (II) UnloadModule: "modesetting"
[    68.828] (II) Unloading modesetting
[    68.828] (II) Failed to load module "modesetting" (already loaded, 0)
[    68.828] (II) LoadModule: "fbdev"
[    68.828] (II) Loading /usr/lib/xorg/modules/drivers/fbdev_drv.so
[    68.828] (II) Module fbdev: vendor="X.Org Foundation"
[    68.828] 	compiled for 1.20.10, module version = 0.5.0
[    68.828] 	Module class: X.Org Video Driver
[    68.828] 	ABI class: X.Org Video Driver, version 24.1
[    68.828] (II) UnloadModule: "fbdev"
[    68.828] (II) Unloading fbdev
[    68.828] (II) Failed to load module "fbdev" (already loaded, 0)
[    68.828] (II) LoadModule: "vesa"
[    68.828] (II) Loading /usr/lib/xorg/modules/drivers/vesa_drv.so
[    68.828] (II) Module vesa: vendor="X.Org Foundation"
[    68.828] 	compiled for 1.20.10, module version = 2.5.0
[    68.828] 	Module class: X.Org Video Driver
[    68.828] 	ABI class: X.Org Video Driver, version 24.1
[    68.828] (II) UnloadModule: "vesa"
[    68.828] (II) Unloading vesa
[    68.828] (II) Failed to load module "vesa" (already loaded, 0)
[    68.828] (II) modesetting: Driver for Modesetting Kernel Drivers: kms
[    68.828] (II) FBDEV: driver for framebuffer: fbdev
[    68.828] (II) VESA: driver for VESA chipsets: vesa
[    68.828] xf86EnableIOPorts: failed to set IOPL for I/O (Operation not permitted)
[    68.828] (II) modeset(0): using drv /dev/dri/card0
[    68.828] (WW) Falling back to old probe method for fbdev
[    68.828] (II) Loading sub module "fbdevhw"
[    68.828] (II) LoadModule: "fbdevhw"
[    68.828] (II) Loading /usr/lib/xorg/modules/libfbdevhw.so
[    68.853] (II) Module fbdevhw: vendor="X.Org Foundation"
[    68.853] 	compiled for 1.20.11, module version = 0.0.2
[    68.853] 	ABI class: X.Org Video Driver, version 24.1
[    68.853] (EE) open /dev/fb0: Permission denied
[    68.853] (WW) VGA arbiter: cannot open kernel arbiter, no multi-card support
[    68.853] (II) modeset(0): Creating default Display subsection in Screen section
	"Default Screen Section" for depth/fbbpp 24/32
[    68.853] (==) modeset(0): Depth 24, (==) framebuffer bpp 32
[    68.854] (==) modeset(0): RGB weight 888
[    68.854] (==) modeset(0): Default visual is TrueColor
[    68.854] (II) Loading sub module "glamoregl"
[    68.854] (II) LoadModule: "glamoregl"
[    68.854] (II) Loading /usr/lib/xorg/modules/libglamoregl.so
[    68.968] (II) Module glamoregl: vendor="X.Org Foundation"
[    68.968] 	compiled for 1.20.11, module version = 1.0.1
[    68.968] 	ABI class: X.Org ANSI C Emulation, version 0.4
[    71.394] (II) modeset(0): Refusing to try glamor on llvmpipe
[    71.401] (EE) modeset(0): glamor initialization failed
[    71.401] (II) modeset(0): ShadowFB: preferred NO, enabled NO
[    71.402] (II) modeset(0): Output VGA-1 has no monitor section
[    71.402] (II) modeset(0): EDID for output VGA-1
[    71.402] (II) modeset(0): Manufacturer: VBX  Model: 0  Serial#: 64554880
[    71.402] (II) modeset(0): Year: 1990  Week: 1
[    71.402] (II) modeset(0): EDID Version: 1.3
[    71.402] (II) modeset(0): Digital Display Input
[    71.402] (II) modeset(0): Indeterminate output size
[    71.402] (II) modeset(0): Gamma: 2.20
[    71.402] (II) modeset(0): DPMS capabilities: StandBy Suspend Off
[    71.402] (II) modeset(0): Supported color encodings: RGB 4:4:4 YCrCb 4:4:4 
[    71.402] (II) modeset(0): Default color space is primary color space
[    71.402] (II) modeset(0): First detailed timing is preferred mode
[    71.402] (II) modeset(0): redX: 0.640 redY: 0.330   greenX: 0.300 greenY: 0.600
[    71.402] (II) modeset(0): blueX: 0.150 blueY: 0.060   whiteX: 0.312 whiteY: 0.329
[    71.402] (II) modeset(0): Manufacturer's mask: 0
[    71.402] (II) modeset(0): Supported detailed timing:
[    71.402] (II) modeset(0): clock: 114.5 MHz   Image Size:  0 x 0 mm
[    71.402] (II) modeset(0): h_active: 1920  h_sync: 1922  h_sync_end 1924 h_blank_end 1926 h_border: 0
[    71.402] (II) modeset(0): v_active: 985  v_sync: 985  v_sync_end 1019 v_blanking: 991 v_border: 0
[    71.402] (II) modeset(0): Ranges: V min: 0 V max: 200 Hz, H min: 0 H max: 200 kHz, PixClock max 1005 MHz
[    71.402] (II) modeset(0): Monitor name: VBOX monitor
[    71.402] (II) modeset(0): EDID (in hex):
[    71.402] (II) modeset(0): 	00ffffffffffff00585800008007d903
[    71.402] (II) modeset(0): 	0100010380000078eeee91a3544c9926
[    71.402] (II) modeset(0): 	0f505400000001010101010101010101
[    71.402] (II) modeset(0): 	010101010101bb2c800670d906300202
[    71.402] (II) modeset(0): 	0202000000000000000000fd0000c800
[    71.402] (II) modeset(0): 	c864000a202020202020000000fc0056
[    71.402] (II) modeset(0): 	424f58206d6f6e69746f720a00000010
[    71.402] (II) modeset(0): 	000a202020202020202020202020000e
[    71.402] (II) modeset(0): Printing probed modes for output VGA-1
[    71.402] (II) modeset(0): Modeline "1920x985"x60.0  156.94  1920 2040 2240 2560  985 988 998 1022 -hsync +vsync (61.3 kHz P)
[    71.402] (II) modeset(0): Modeline "2560x1600"x60.0  348.50  2560 2752 3032 3504  1600 1603 1609 1658 -hsync +vsync (99.5 kHz e)
[    71.402] (II) modeset(0): Modeline "2560x1600"x60.0  268.50  2560 2608 2640 2720  1600 1603 1609 1646 +hsync -vsync (98.7 kHz e)
[    71.402] (II) modeset(0): Modeline "1920x1440"x60.0  234.00  1920 2048 2256 2600  1440 1441 1444 1500 -hsync +vsync (90.0 kHz e)
[    71.403] (II) modeset(0): Modeline "1856x1392"x60.0  218.25  1856 1952 2176 2528  1392 1393 1396 1439 -hsync +vsync (86.3 kHz e)
[    71.403] (II) modeset(0): Modeline "1792x1344"x60.0  204.75  1792 1920 2120 2448  1344 1345 1348 1394 -hsync +vsync (83.6 kHz e)
[    71.403] (II) modeset(0): Modeline "2048x1152"x60.0  162.00  2048 2074 2154 2250  1152 1153 1156 1200 +hsync +vsync (72.0 kHz e)
[    71.403] (II) modeset(0): Modeline "1920x1200"x59.9  193.25  1920 2056 2256 2592  1200 1203 1209 1245 -hsync +vsync (74.6 kHz e)
[    71.403] (II) modeset(0): Modeline "1920x1200"x60.0  154.00  1920 1968 2000 2080  1200 1203 1209 1235 +hsync -vsync (74.0 kHz e)
[    71.403] (II) modeset(0): Modeline "1920x1080"x60.0  148.50  1920 2008 2052 2200  1080 1084 1089 1125 -hsync -vsync (67.5 kHz e)
[    71.403] (II) modeset(0): Modeline "1600x1200"x60.0  162.00  1600 1664 1856 2160  1200 1201 1204 1250 +hsync +vsync (75.0 kHz e)
[    71.403] (II) modeset(0): Modeline "1680x1050"x60.0  146.25  1680 1784 1960 2240  1050 1053 1059 1089 -hsync +vsync (65.3 kHz e)
[    71.403] (II) modeset(0): Modeline "1680x1050"x59.9  119.00  1680 1728 1760 1840  1050 1053 1059 1080 +hsync -vsync (64.7 kHz e)
[    71.403] (II) modeset(0): Modeline "1400x1050"x60.0  121.75  1400 1488 1632 1864  1050 1053 1057 1089 -hsync +vsync (65.3 kHz e)
[    71.403] (II) modeset(0): Modeline "1400x1050"x59.9  101.00  1400 1448 1480 1560  1050 1053 1057 1080 +hsync -vsync (64.7 kHz e)
[    71.403] (II) modeset(0): Modeline "1600x900"x60.0  108.00  1600 1624 1704 1800  900 901 904 1000 +hsync +vsync (60.0 kHz e)
[    71.403] (II) modeset(0): Modeline "1280x1024"x60.0  108.00  1280 1328 1440 1688  1024 1025 1028 1066 +hsync +vsync (64.0 kHz e)
[    71.403] (II) modeset(0): Modeline "1440x900"x59.9  106.50  1440 1520 1672 1904  900 903 909 934 -hsync +vsync (55.9 kHz e)
[    71.403] (II) modeset(0): Modeline "1440x900"x59.9   88.75  1440 1488 1520 1600  900 903 909 926 +hsync -vsync (55.5 kHz e)
[    71.403] (II) modeset(0): Modeline "1280x960"x60.0  108.00  1280 1376 1488 1800  960 961 964 1000 +hsync +vsync (60.0 kHz e)
[    71.403] (II) modeset(0): Modeline "1366x768"x59.8   85.50  1366 1436 1579 1792  768 771 774 798 +hsync +vsync (47.7 kHz e)
[    71.403] (II) modeset(0): Modeline "1366x768"x60.0   72.00  1366 1380 1436 1500  768 769 772 800 +hsync +vsync (48.0 kHz e)
[    71.403] (II) modeset(0): Modeline "1360x768"x60.0   85.50  1360 1424 1536 1792  768 771 777 795 +hsync +vsync (47.7 kHz e)
[    71.403] (II) modeset(0): Modeline "1280x800"x59.8   83.50  1280 1352 1480 1680  800 803 809 831 -hsync +vsync (49.7 kHz e)
[    71.403] (II) modeset(0): Modeline "1280x800"x59.9   71.00  1280 1328 1360 1440  800 803 809 823 +hsync -vsync (49.3 kHz e)
[    71.403] (II) modeset(0): Modeline "1280x768"x59.9   79.50  1280 1344 1472 1664  768 771 778 798 -hsync +vsync (47.8 kHz e)
[    71.403] (II) modeset(0): Modeline "1280x768"x60.0   68.25  1280 1328 1360 1440  768 771 778 790 +hsync -vsync (47.4 kHz e)
[    71.403] (II) modeset(0): Modeline "1280x720"x60.0   74.25  1280 1390 1430 1650  720 725 730 750 +hsync +vsync (45.0 kHz e)
[    71.403] (II) modeset(0): Modeline "1024x768"x60.0   65.00  1024 1048 1184 1344  768 771 777 806 -hsync -vsync (48.4 kHz e)
[    71.403] (II) modeset(0): Modeline "800x600"x60.3   40.00  800 840 968 1056  600 601 605 628 +hsync +vsync (37.9 kHz e)
[    71.403] (II) modeset(0): Modeline "800x600"x56.2   36.00  800 824 896 1024  600 601 603 625 +hsync +vsync (35.2 kHz e)
[    71.403] (II) modeset(0): Modeline "848x480"x60.0   33.75  848 864 976 1088  480 486 494 517 +hsync +vsync (31.0 kHz e)
[    71.403] (II) modeset(0): Modeline "640x480"x59.9   25.18  640 656 752 800  480 490 492 525 -hsync -vsync (31.5 kHz e)
[    71.403] (II) modeset(0): Output VGA-1 connected
[    71.403] (II) modeset(0): Using exact sizes for initial modes
[    71.403] (II) modeset(0): Output VGA-1 using initial mode 1920x985 +0+0
[    71.403] (==) modeset(0): Using gamma correction (1.0, 1.0, 1.0)
[    71.403] (==) modeset(0): DPI set to (96, 96)
[    71.403] (II) Loading sub module "fb"
[    71.403] (II) LoadModule: "fb"
[    71.403] (II) Loading /usr/lib/xorg/modules/libfb.so
[    71.438] (II) Module fb: vendor="X.Org Foundation"
[    71.439] 	compiled for 1.20.11, module version = 1.0.0
[    71.439] 	ABI class: X.Org ANSI C Emulation, version 0.4
[    71.439] (II) UnloadModule: "fbdev"
[    71.439] (II) Unloading fbdev
[    71.439] (II) UnloadSubModule: "fbdevhw"
[    71.439] (II) Unloading fbdevhw
[    71.440] (II) UnloadModule: "vesa"
[    71.440] (II) Unloading vesa
[    71.461] (==) modeset(0): Backing store enabled
[    71.461] (==) modeset(0): Silken mouse enabled
[    71.471] (II) modeset(0): Initializing kms color map for depth 24, 8 bpc.
[    71.471] (==) modeset(0): DPMS enabled
[    71.471] (II) Initializing extension Generic Event Extension
[    71.471] (II) Initializing extension SHAPE
[    71.472] (II) Initializing extension MIT-SHM
[    71.472] (II) Initializing extension XInputExtension
[    71.473] (II) Initializing extension XTEST
[    71.474] (II) Initializing extension BIG-REQUESTS
[    71.474] (II) Initializing extension SYNC
[    71.474] (II) Initializing extension XKEYBOARD
[    71.474] (II) Initializing extension XC-MISC
[    71.475] (II) Initializing extension SECURITY
[    71.475] (II) Initializing extension XFIXES
[    71.475] (II) Initializing extension RENDER
[    71.475] (II) Initializing extension RANDR
[    71.476] (II) Initializing extension COMPOSITE
[    71.476] (II) Initializing extension DAMAGE
[    71.476] (II) Initializing extension MIT-SCREEN-SAVER
[    71.476] (II) Initializing extension DOUBLE-BUFFER
[    71.477] (II) Initializing extension RECORD
[    71.477] (II) Initializing extension DPMS
[    71.477] (II) Initializing extension Present
[    71.477] (II) Initializing extension DRI3
[    71.477] (II) Initializing extension X-Resource
[    71.477] (II) Initializing extension XVideo
[    71.478] (II) Initializing extension XVideo-MotionCompensation
[    71.478] (II) Initializing extension SELinux
[    71.478] (II) SELinux: Disabled on system
[    71.478] (II) Initializing extension GLX
[    71.485] (II) AIGLX: Screen 0 is not DRI2 capable
[    71.505] (II) IGLX: Loaded and initialized swrast
[    71.505] (II) GLX: Initialized DRISWRAST GL provider for screen 0
[    71.505] (II) Initializing extension XFree86-VidModeExtension
[    71.505] (II) Initializing extension XFree86-DGA
[    71.505] (II) Initializing extension XFree86-DRI
[    71.505] (II) Initializing extension DRI2
[    71.506] (II) modeset(0): Damage tracking initialized
[    71.506] (II) modeset(0): Setting screen physical size to 508 x 260
[    72.066] (II) config/udev: Adding input device Power Button (/dev/input/event0)
[    72.066] (**) Power Button: Applying InputClass "libinput keyboard catchall"
[    72.066] (II) LoadModule: "libinput"
[    72.066] (II) Loading /usr/lib/xorg/modules/input/libinput_drv.so
[    72.162] (II) Module libinput: vendor="X.Org Foundation"
[    72.162] 	compiled for 1.20.11, module version = 0.30.0
[    72.162] 	Module class: X.Org XInput Driver
[    72.162] 	ABI class: X.Org XInput driver, version 24.1
[    72.162] (II) Using input driver 'libinput' for 'Power Button'
[    72.164] (II) systemd-logind: got fd for /dev/input/event0 13:64 fd 21 paused 0
[    72.164] (**) Power Button: always reports core events
[    72.164] (**) Option "Device" "/dev/input/event0"
[    72.164] (**) Option "_source" "server/udev"
[    72.212] (II) event0  - Power Button: is tagged by udev as: Keyboard
[    72.212] (II) event0  - Power Button: device is a keyboard
[    72.212] (II) event0  - Power Button: device removed
[    72.213] (**) Option "config_info" "udev:/sys/devices/LNXSYSTM:00/LNXPWRBN:00/input/input0/event0"
[    72.213] (II) XINPUT: Adding extended input device "Power Button" (type: KEYBOARD, id 6)
[    72.213] (**) Option "xkb_model" "pc105"
[    72.213] (**) Option "xkb_layout" "us"
[    72.214] (II) event0  - Power Button: is tagged by udev as: Keyboard
[    72.214] (II) event0  - Power Button: device is a keyboard
[    72.214] (II) config/udev: Adding input device Sleep Button (/dev/input/event1)
[    72.214] (**) Sleep Button: Applying InputClass "libinput keyboard catchall"
[    72.215] (II) Using input driver 'libinput' for 'Sleep Button'
[    72.216] (II) systemd-logind: got fd for /dev/input/event1 13:65 fd 24 paused 0
[    72.217] (**) Sleep Button: always reports core events
[    72.217] (**) Option "Device" "/dev/input/event1"
[    72.217] (**) Option "_source" "server/udev"
[    72.218] (II) event1  - Sleep Button: is tagged by udev as: Keyboard
[    72.218] (II) event1  - Sleep Button: device is a keyboard
[    72.218] (II) event1  - Sleep Button: device removed
[    72.219] (**) Option "config_info" "udev:/sys/devices/LNXSYSTM:00/LNXSLPBN:00/input/input1/event1"
[    72.219] (II) XINPUT: Adding extended input device "Sleep Button" (type: KEYBOARD, id 7)
[    72.219] (**) Option "xkb_model" "pc105"
[    72.219] (**) Option "xkb_layout" "us"
[    72.220] (II) event1  - Sleep Button: is tagged by udev as: Keyboard
[    72.220] (II) event1  - Sleep Button: device is a keyboard
[    72.221] (II) config/udev: Adding input device Video Bus (/dev/input/event3)
[    72.221] (**) Video Bus: Applying InputClass "libinput keyboard catchall"
[    72.221] (II) Using input driver 'libinput' for 'Video Bus'
[    72.222] (II) systemd-logind: got fd for /dev/input/event3 13:67 fd 25 paused 0
[    72.222] (**) Video Bus: always reports core events
[    72.222] (**) Option "Device" "/dev/input/event3"
[    72.222] (**) Option "_source" "server/udev"
[    72.224] (II) event3  - Video Bus: is tagged by udev as: Keyboard
[    72.224] (II) event3  - Video Bus: device is a keyboard
[    72.224] (II) event3  - Video Bus: device removed
[    72.224] (**) Option "config_info" "udev:/sys/devices/LNXSYSTM:00/LNXSYBUS:00/PNP0A03:00/LNXVIDEO:00/input/input4/event3"
[    72.224] (II) XINPUT: Adding extended input device "Video Bus" (type: KEYBOARD, id 8)
[    72.224] (**) Option "xkb_model" "pc105"
[    72.224] (**) Option "xkb_layout" "us"
[    72.226] (II) event3  - Video Bus: is tagged by udev as: Keyboard
[    72.226] (II) event3  - Video Bus: device is a keyboard
[    72.226] (II) config/udev: Adding input device VirtualBox mouse integration (/dev/input/event6)
[    72.227] (**) VirtualBox mouse integration: Applying InputClass "libinput pointer catchall"
[    72.227] (II) Using input driver 'libinput' for 'VirtualBox mouse integration'
[    72.228] (II) systemd-logind: got fd for /dev/input/event6 13:70 fd 26 paused 0
[    72.228] (**) VirtualBox mouse integration: always reports core events
[    72.228] (**) Option "Device" "/dev/input/event6"
[    72.228] (**) Option "_source" "server/udev"
[    72.229] (II) event6  - VirtualBox mouse integration: is tagged by udev as: Mouse
[    72.229] (II) event6  - VirtualBox mouse integration: device is a pointer
[    72.229] (II) event6  - VirtualBox mouse integration: device removed
[    72.229] (**) Option "config_info" "udev:/sys/devices/pci0000:00/0000:00:04.0/input/input7/event6"
[    72.229] (II) XINPUT: Adding extended input device "VirtualBox mouse integration" (type: MOUSE, id 9)
[    72.230] (**) Option "AccelerationScheme" "none"
[    72.230] (**) VirtualBox mouse integration: (accel) selected scheme none/0
[    72.230] (**) VirtualBox mouse integration: (accel) acceleration factor: 2.000
[    72.230] (**) VirtualBox mouse integration: (accel) acceleration threshold: 4
[    72.231] (II) event6  - VirtualBox mouse integration: is tagged by udev as: Mouse
[    72.231] (II) event6  - VirtualBox mouse integration: device is a pointer
[    72.231] (II) config/udev: Adding input device VirtualBox mouse integration (/dev/input/js1)
[    72.231] (II) No input driver specified, ignoring this device.
[    72.231] (II) This device may have been added with another device file.
[    72.232] (II) config/udev: Adding input device VirtualBox mouse integration (/dev/input/mouse2)
[    72.232] (II) No input driver specified, ignoring this device.
[    72.232] (II) This device may have been added with another device file.
[    72.233] (II) config/udev: Adding input device VirtualBox USB Tablet (/dev/input/event5)
[    72.233] (**) VirtualBox USB Tablet: Applying InputClass "libinput pointer catchall"
[    72.233] (II) Using input driver 'libinput' for 'VirtualBox USB Tablet'
[    72.293] (II) systemd-logind: got fd for /dev/input/event5 13:69 fd 27 paused 0
[    72.294] (**) VirtualBox USB Tablet: always reports core events
[    72.294] (**) Option "Device" "/dev/input/event5"
[    72.294] (**) Option "_source" "server/udev"
[    72.296] (II) event5  - VirtualBox USB Tablet: is tagged by udev as: Mouse
[    72.296] (II) event5  - VirtualBox USB Tablet: device is a pointer
[    72.296] (II) event5  - VirtualBox USB Tablet: device removed
[    72.296] (**) Option "config_info" "udev:/sys/devices/pci0000:00/0000:00:06.0/usb1/1-1/1-1:1.0/0003:80EE:0021.0001/input/input6/event5"
[    72.296] (II) XINPUT: Adding extended input device "VirtualBox USB Tablet" (type: MOUSE, id 10)
[    72.297] (**) Option "AccelerationScheme" "none"
[    72.297] (**) VirtualBox USB Tablet: (accel) selected scheme none/0
[    72.297] (**) VirtualBox USB Tablet: (accel) acceleration factor: 2.000
[    72.297] (**) VirtualBox USB Tablet: (accel) acceleration threshold: 4
[    72.299] (II) event5  - VirtualBox USB Tablet: is tagged by udev as: Mouse
[    72.299] (II) event5  - VirtualBox USB Tablet: device is a pointer
[    72.300] (II) config/udev: Adding input device VirtualBox USB Tablet (/dev/input/js0)
[    72.300] (II) No input driver specified, ignoring this device.
[    72.300] (II) This device may have been added with another device file.
[    72.301] (II) config/udev: Adding input device VirtualBox USB Tablet (/dev/input/mouse1)
[    72.301] (II) No input driver specified, ignoring this device.
[    72.301] (II) This device may have been added with another device file.
[    72.301] (II) config/udev: Adding input device AT Translated Set 2 keyboard (/dev/input/event2)
[    72.301] (**) AT Translated Set 2 keyboard: Applying InputClass "libinput keyboard catchall"
[    72.301] (II) Using input driver 'libinput' for 'AT Translated Set 2 keyboard'
[    72.303] (II) systemd-logind: got fd for /dev/input/event2 13:66 fd 28 paused 0
[    72.303] (**) AT Translated Set 2 keyboard: always reports core events
[    72.303] (**) Option "Device" "/dev/input/event2"
[    72.303] (**) Option "_source" "server/udev"
[    72.305] (II) event2  - AT Translated Set 2 keyboard: is tagged by udev as: Keyboard
[    72.305] (II) event2  - AT Translated Set 2 keyboard: device is a keyboard
[    72.305] (II) event2  - AT Translated Set 2 keyboard: device removed
[    72.305] (**) Option "config_info" "udev:/sys/devices/platform/i8042/serio0/input/input2/event2"
[    72.305] (II) XINPUT: Adding extended input device "AT Translated Set 2 keyboard" (type: KEYBOARD, id 11)
[    72.305] (**) Option "xkb_model" "pc105"
[    72.305] (**) Option "xkb_layout" "us"
[    72.310] (II) event2  - AT Translated Set 2 keyboard: is tagged by udev as: Keyboard
[    72.310] (II) event2  - AT Translated Set 2 keyboard: device is a keyboard
[    72.312] (II) config/udev: Adding input device ImExPS/2 Generic Explorer Mouse (/dev/input/event4)
[    72.312] (**) ImExPS/2 Generic Explorer Mouse: Applying InputClass "libinput pointer catchall"
[    72.312] (II) Using input driver 'libinput' for 'ImExPS/2 Generic Explorer Mouse'
[    72.313] (II) systemd-logind: got fd for /dev/input/event4 13:68 fd 29 paused 0
[    72.313] (**) ImExPS/2 Generic Explorer Mouse: always reports core events
[    72.313] (**) Option "Device" "/dev/input/event4"
[    72.313] (**) Option "_source" "server/udev"
[    72.315] (II) event4  - ImExPS/2 Generic Explorer Mouse: is tagged by udev as: Mouse
[    72.315] (II) event4  - ImExPS/2 Generic Explorer Mouse: device is a pointer
[    72.315] (II) event4  - ImExPS/2 Generic Explorer Mouse: device removed
[    72.315] (**) Option "config_info" "udev:/sys/devices/platform/i8042/serio1/input/input5/event4"
[    72.315] (II) XINPUT: Adding extended input device "ImExPS/2 Generic Explorer Mouse" (type: MOUSE, id 12)
[    72.316] (**) Option "AccelerationScheme" "none"
[    72.316] (**) ImExPS/2 Generic Explorer Mouse: (accel) selected scheme none/0
[    72.316] (**) ImExPS/2 Generic Explorer Mouse: (accel) acceleration factor: 2.000
[    72.316] (**) ImExPS/2 Generic Explorer Mouse: (accel) acceleration threshold: 4
[    72.317] (II) event4  - ImExPS/2 Generic Explorer Mouse: is tagged by udev as: Mouse
[    72.317] (II) event4  - ImExPS/2 Generic Explorer Mouse: device is a pointer
[    72.318] (II) config/udev: Adding input device ImExPS/2 Generic Explorer Mouse (/dev/input/mouse0)
[    72.318] (II) No input driver specified, ignoring this device.
[    72.318] (II) This device may have been added with another device file.
[    72.398] (II) modeset(0): EDID vendor "VBX", prod id 0
[    72.398] (II) modeset(0): DDCModeFromDetailedTiming: 1920x985 Warning: We only handle separate sync.
[    72.398] (II) modeset(0): Using EDID range info for horizontal sync
[    72.398] (II) modeset(0): Using EDID range info for vertical refresh
[    72.399] (II) modeset(0): Allocate new frame buffer 1920x1080 stride
